  main.cpp
  Engine.cpp
C:\Users\Michal\source\repos\Game Of Life\Game Of Life\Engine.cpp(91,12): warning C4244: 'argument': conversion from 'time_t' to 'unsigned int', possible loss of data
  Game.cpp
  GameTXT.cpp
  GameAPI.cpp
C:\Users\Michal\source\repos\Game Of Life\Game Of Life\GameAPI.cpp(43,27): warning C4244: 'initializing': conversion from 'double' to 'int', possible loss of data
C:\Users\Michal\source\repos\Game Of Life\Game Of Life\GameAPI.cpp(44,27): warning C4244: 'initializing': conversion from 'double' to 'int', possible loss of data
C:\Users\Michal\source\repos\Game Of Life\Game Of Life\GameAPI.cpp(62,51): warning C4244: 'argument': conversion from 'int' to 'float', possible loss of data
C:\Users\Michal\source\repos\Game Of Life\Game Of Life\GameAPI.cpp(62,36): warning C4244: 'argument': conversion from 'int' to 'float', possible loss of data
  Generating Code...
GameAPI.obj : error LNK2019: unresolved external symbol "__declspec(dllimport) class sf::Time __cdecl sf::milliseconds(int)" (__imp_?milliseconds@sf@@YA?AVTime@1@H@Z) referenced in function "public: virtual void __thiscall GameAPI::View(void)" (?View@GameAPI@@UAEXXZ)
GameAPI.obj : error LNK2019: unresolved external symbol "__declspec(dllimport) void __cdecl sf::sleep(class sf::Time)" (__imp_?sleep@sf@@YAXVTime@1@@Z) referenced in function "public: virtual void __thiscall GameAPI::View(void)" (?View@GameAPI@@UAEXXZ)
GameAPI.obj : error LNK2019: unresolved external symbol "__declspec(dllimport) public: __thiscall sf::String::String(char const *,class std::locale const &)" (__imp_??0String@sf@@QAE@PBDABVlocale@std@@@Z) referenced in function "public: virtual void __thiscall GameAPI::View(void)" (?View@GameAPI@@UAEXXZ)
GameAPI.obj : error LNK2019: unresolved external symbol "__declspec(dllimport) public: __thiscall sf::String::~String(void)" (__imp_??1String@sf@@QAE@XZ) referenced in function "public: virtual void __thiscall GameAPI::View(void)" (?View@GameAPI@@UAEXXZ)
GameAPI.obj : error LNK2019: unresolved external symbol "__declspec(dllimport) public: __thiscall sf::VideoMode::VideoMode(unsigned int,unsigned int,unsigned int)" (__imp_??0VideoMode@sf@@QAE@III@Z) referenced in function "public: virtual void __thiscall GameAPI::View(void)" (?View@GameAPI@@UAEXXZ)
GameAPI.obj : error LNK2019: unresolved external symbol "__declspec(dllimport) public: void __thiscall sf::Window::close(void)" (__imp_?close@Window@sf@@QAEXXZ) referenced in function "public: virtual void __thiscall GameAPI::View(void)" (?View@GameAPI@@UAEXXZ)
GameAPI.obj : error LNK2019: unresolved external symbol "__declspec(dllimport) public: bool __thiscall sf::Window::isOpen(void)const " (__imp_?isOpen@Window@sf@@QBE_NXZ) referenced in function "public: virtual void __thiscall GameAPI::View(void)" (?View@GameAPI@@UAEXXZ)
GameAPI.obj : error LNK2019: unresolved external symbol "__declspec(dllimport) public: bool __thiscall sf::Window::pollEvent(class sf::Event &)" (__imp_?pollEvent@Window@sf@@QAE_NAAVEvent@2@@Z) referenced in function "public: virtual void __thiscall GameAPI::View(void)" (?View@GameAPI@@UAEXXZ)
GameAPI.obj : error LNK2019: unresolved external symbol "__declspec(dllimport) public: void __thiscall sf::Window::display(void)" (__imp_?display@Window@sf@@QAEXXZ) referenced in function "public: virtual void __thiscall GameAPI::View(void)" (?View@GameAPI@@UAEXXZ)
GameAPI.obj : error LNK2019: unresolved external symbol "__declspec(dllimport) public: void __thiscall sf::Transformable::setPosition(float,float)" (__imp_?setPosition@Transformable@sf@@QAEXMM@Z) referenced in function "public: virtual void __thiscall GameAPI::View(void)" (?View@GameAPI@@UAEXXZ)
GameAPI.obj : error LNK2019: unresolved external symbol "__declspec(dllimport) public: void __thiscall sf::Shape::setFillColor(class sf::Color const &)" (__imp_?setFillColor@Shape@sf@@QAEXABVColor@2@@Z) referenced in function "public: virtual void __thiscall GameAPI::View(void)" (?View@GameAPI@@UAEXXZ)
GameAPI.obj : error LNK2019: unresolved external symbol "__declspec(dllimport) public: void __thiscall sf::Shape::setOutlineColor(class sf::Color const &)" (__imp_?setOutlineColor@Shape@sf@@QAEXABVColor@2@@Z) referenced in function "public: virtual void __thiscall GameAPI::View(void)" (?View@GameAPI@@UAEXXZ)
GameAPI.obj : error LNK2019: unresolved external symbol "__declspec(dllimport) public: void __thiscall sf::Shape::setOutlineThickness(float)" (__imp_?setOutlineThickness@Shape@sf@@QAEXM@Z) referenced in function "public: virtual void __thiscall GameAPI::View(void)" (?View@GameAPI@@UAEXXZ)
GameAPI.obj : error LNK2019: unresolved external symbol "__declspec(dllimport) public: __thiscall sf::RectangleShape::RectangleShape(class sf::Vector2<float> const &)" (__imp_??0RectangleShape@sf@@QAE@ABV?$Vector2@M@1@@Z) referenced in function "public: virtual void __thiscall GameAPI::View(void)" (?View@GameAPI@@UAEXXZ)
GameAPI.obj : error LNK2019: unresolved external symbol "__declspec(dllimport) public: void __thiscall sf::RectangleShape::setSize(class sf::Vector2<float> const &)" (__imp_?setSize@RectangleShape@sf@@QAEXABV?$Vector2@M@2@@Z) referenced in function "public: virtual void __thiscall GameAPI::View(void)" (?View@GameAPI@@UAEXXZ)
GameAPI.obj : error LNK2019: unresolved external symbol "__declspec(dllimport) public: virtual __thiscall sf::RectangleShape::~RectangleShape(void)" (__imp_??1RectangleShape@sf@@UAE@XZ) referenced in function "public: virtual void __thiscall GameAPI::View(void)" (?View@GameAPI@@UAEXXZ)
GameAPI.obj : error LNK2019: unresolved external symbol "__declspec(dllimport) public: void __thiscall sf::RenderTarget::clear(class sf::Color const &)" (__imp_?clear@RenderTarget@sf@@QAEXABVColor@2@@Z) referenced in function "public: virtual void __thiscall GameAPI::View(void)" (?View@GameAPI@@UAEXXZ)
    Hint on symbols that are defined and could potentially match:
      "__declspec(dllimport) public: void __thiscall std::basic_ios<char,struct std::char_traits<char> >::clear(int,bool)" (__imp_?clear@?$basic_ios@DU?$char_traits@D@std@@@std@@QAEXH_N@Z)
GameAPI.obj : error LNK2019: unresolved external symbol "__declspec(dllimport) public: void __thiscall sf::RenderTarget::draw(class sf::Drawable const &,class sf::RenderStates const &)" (__imp_?draw@RenderTarget@sf@@QAEXABVDrawable@2@ABVRenderStates@2@@Z) referenced in function "public: virtual void __thiscall GameAPI::View(void)" (?View@GameAPI@@UAEXXZ)
GameAPI.obj : error LNK2019: unresolved external symbol "__declspec(dllimport) public: __thiscall sf::RenderWindow::RenderWindow(class sf::VideoMode,class sf::String const &,unsigned int,struct sf::ContextSettings const &)" (__imp_??0RenderWindow@sf@@QAE@VVideoMode@1@ABVString@1@IABUContextSettings@1@@Z) referenced in function "public: virtual void __thiscall GameAPI::View(void)" (?View@GameAPI@@UAEXXZ)
GameAPI.obj : error LNK2019: unresolved external symbol "__declspec(dllimport) public: virtual __thiscall sf::RenderWindow::~RenderWindow(void)" (__imp_??1RenderWindow@sf@@UAE@XZ) referenced in function "public: virtual void __thiscall GameAPI::View(void)" (?View@GameAPI@@UAEXXZ)
GameAPI.obj : error LNK2019: unresolved external symbol "__declspec(dllimport) public: static class sf::RenderStates const sf::RenderStates::Default" (__imp_?Default@RenderStates@sf@@2V12@B) referenced in function "public: virtual void __thiscall GameAPI::View(void)" (?View@GameAPI@@UAEXXZ)
GameAPI.obj : error LNK2019: unresolved external symbol "__declspec(dllimport) public: static class sf::Color const sf::Color::Black" (__imp_?Black@Color@sf@@2V12@B) referenced in function "public: virtual void __thiscall GameAPI::View(void)" (?View@GameAPI@@UAEXXZ)
GameAPI.obj : error LNK2019: unresolved external symbol "__declspec(dllimport) public: static class sf::Color const sf::Color::White" (__imp_?White@Color@sf@@2V12@B) referenced in function "public: virtual void __thiscall GameAPI::View(void)" (?View@GameAPI@@UAEXXZ)
GameAPI.obj : error LNK2019: unresolved external symbol "__declspec(dllimport) public: static class sf::Color const sf::Color::Blue" (__imp_?Blue@Color@sf@@2V12@B) referenced in function "public: virtual void __thiscall GameAPI::View(void)" (?View@GameAPI@@UAEXXZ)
C:\Users\Michal\Desktop\Projects\GraWZycie\SFML-2.5.1\lib\sfml-system.lib : warning LNK4272: library machine type 'x64' conflicts with target machine type 'x86'
C:\Users\Michal\Desktop\Projects\GraWZycie\SFML-2.5.1\lib\sfml-window.lib : warning LNK4272: library machine type 'x64' conflicts with target machine type 'x86'
C:\Users\Michal\Desktop\Projects\GraWZycie\SFML-2.5.1\lib\sfml-graphics.lib : warning LNK4272: library machine type 'x64' conflicts with target machine type 'x86'
C:\Users\Michal\Desktop\Projects\GraWZycie\SFML-2.5.1\lib\sfml-main.lib : warning LNK4272: library machine type 'x64' conflicts with target machine type 'x86'
C:\Users\Michal\source\repos\Game Of Life\Debug\Game Of Life.exe : fatal error LNK1120: 24 unresolved externals
